<?xml version="1.0" encoding="UTF-8"?>
<!-- Generated by org.testng.reporters.JUnitReportReporter -->
<testsuite hostname="DESKTOP-H96QHDE" failures="0" tests="1" name="testscripts.ManageNewsTest" time="28.527" errors="0" timestamp="2025-06-23T10:00:26 IST" skipped="0">
  <testcase classname="testscripts.ManageNewsTest" name="verifyUserIsAbleToEnterTheNews" time="28.527"/>
</testsuite> <!-- testscripts.ManageNewsTest -->
