<?xml version="1.0" encoding="UTF-8"?>
<!-- Generated by org.testng.reporters.JUnitReportReporter -->
<testsuite hostname="DESKTOP-H96QHDE" failures="0" tests="1" name="testscripts.ManageNewsTest" time="21.972" errors="0" timestamp="2025-06-23T09:58:01 IST" skipped="0">
  <testcase classname="testscripts.ManageNewsTest" name="verifyUserIsAbleToEnterTheNews" time="21.972"/>
</testsuite> <!-- testscripts.ManageNewsTest -->
